13/4/2017 10:08:13, Info: Initializing SIMPLSharp Services...
13/4/2017 10:08:13, Info: ProjectInfo successfully initialized.
13/4/2017 10:08:13, Info: Verifying archive C:\Program Files (x86)\Crestron\Simpl\USRSPLUS\Cisco SX80 Corporate Phone Book.clz...
13/4/2017 10:08:14, Info: Saving project information...
13/4/2017 10:08:14, Info: Verifying archive C:\Program Files (x86)\Crestron\Simpl\USRSPLUS\Cisco SX80 Phone Book.clz...
13/4/2017 10:08:14, Info: Saving project information...
13/4/2017 10:08:19, Info: Commiting verification transaction...
13/4/2017 10:08:19, Info: Saving project information...
13/4/2017 10:40:43, Info: Initializing SIMPLSharp Services...
13/4/2017 10:40:43, Info: ProjectInfo successfully initialized.
13/4/2017 10:40:44, Info: Commiting verification transaction...
13/4/2017 10:40:44, Info: Saving project information...
13/4/2017 10:43:07, Info: Initializing SIMPLSharp Services...
13/4/2017 10:43:07, Info: ProjectInfo successfully initialized.
13/4/2017 10:43:08, Info: Commiting verification transaction...
13/4/2017 10:43:08, Info: Saving project information...
13/4/2017 10:43:49, Info: Initializing SIMPLSharp Services...
13/4/2017 10:43:49, Info: ProjectInfo successfully initialized.
13/4/2017 10:43:50, Info: Commiting verification transaction...
13/4/2017 10:43:50, Info: Saving project information...
13/4/2017 10:44:52, Info: Initializing SIMPLSharp Services...
13/4/2017 10:44:52, Info: ProjectInfo successfully initialized.
13/4/2017 10:44:53, Info: Commiting verification transaction...
13/4/2017 10:44:53, Info: Saving project information...
13/4/2017 10:46:09, Info: Initializing SIMPLSharp Services...
13/4/2017 10:46:09, Info: ProjectInfo successfully initialized.
13/4/2017 10:46:10, Info: Commiting verification transaction...
13/4/2017 10:46:10, Info: Saving project information...
13/4/2017 11:05:13, Info: Initializing SIMPLSharp Services...
13/4/2017 11:05:13, Info: ProjectInfo successfully initialized.
13/4/2017 11:05:14, Info: Commiting verification transaction...
13/4/2017 11:05:14, Info: Saving project information...
13/4/2017 11:25:55, Info: Initializing SIMPLSharp Services...
13/4/2017 11:25:55, Info: ProjectInfo successfully initialized.
13/4/2017 11:25:56, Info: Commiting verification transaction...
13/4/2017 11:25:56, Info: Saving project information...
13/4/2017 11:27:10, Info: Initializing SIMPLSharp Services...
13/4/2017 11:27:10, Info: ProjectInfo successfully initialized.
13/4/2017 11:27:10, Info: Commiting verification transaction...
13/4/2017 11:27:10, Info: Saving project information...
13/4/2017 11:49:14, Info: Initializing SIMPLSharp Services...
13/4/2017 11:49:14, Info: ProjectInfo successfully initialized.
13/4/2017 11:49:15, Info: Commiting verification transaction...
13/4/2017 11:49:15, Info: Saving project information...
13/4/2017 11:49:24, Info: Initializing SIMPLSharp Services...
13/4/2017 11:49:24, Info: ProjectInfo successfully initialized.
13/4/2017 11:49:25, Info: Commiting verification transaction...
13/4/2017 11:49:25, Info: Saving project information...
13/4/2017 12:25:11, Info: Initializing SIMPLSharp Services...
13/4/2017 12:25:11, Info: ProjectInfo successfully initialized.
13/4/2017 12:25:12, Info: Commiting verification transaction...
13/4/2017 12:25:12, Info: Saving project information...
13/4/2017 12:54:34, Info: Initializing SIMPLSharp Services...
13/4/2017 12:54:34, Info: ProjectInfo successfully initialized.
13/4/2017 12:54:35, Info: Commiting verification transaction...
13/4/2017 12:54:35, Info: Saving project information...
13/4/2017 12:54:50, Info: Initializing SIMPLSharp Services...
13/4/2017 12:54:50, Info: ProjectInfo successfully initialized.
13/4/2017 12:54:51, Info: Commiting verification transaction...
13/4/2017 12:54:51, Info: Saving project information...
13/4/2017 12:55:01, Info: Initializing SIMPLSharp Services...
13/4/2017 12:55:01, Info: ProjectInfo successfully initialized.
13/4/2017 12:55:01, Info: Commiting verification transaction...
13/4/2017 12:55:01, Info: Saving project information...
13/4/2017 12:55:23, Info: Initializing SIMPLSharp Services...
13/4/2017 12:55:23, Info: ProjectInfo successfully initialized.
13/4/2017 12:55:23, Info: Commiting verification transaction...
13/4/2017 12:55:23, Info: Saving project information...
13/4/2017 17:52:07, Info: Terminating SIMPLSharp Services
13/4/2017 17:52:07, Info: Saving project information...
13/4/2017 17:52:07, Info: Terminating SIMPLSharp Services
13/4/2017 17:52:07, Info: Saving project information...
13/4/2017 17:52:07, Info: Terminating SIMPLSharp Services
13/4/2017 17:52:07, Info: Saving project information...
13/4/2017 17:52:07, Info: Terminating SIMPLSharp Services
13/4/2017 17:52:07, Info: Saving project information...
13/4/2017 17:52:07, Info: Terminating SIMPLSharp Services
13/4/2017 17:52:07, Info: Saving project information...
13/4/2017 17:52:07, Info: Terminating SIMPLSharp Services
13/4/2017 17:52:07, Info: Saving project information...
13/4/2017 17:52:07, Info: Terminating SIMPLSharp Services
13/4/2017 17:52:07, Info: Saving project information...
13/4/2017 17:52:07, Info: Terminating SIMPLSharp Services
13/4/2017 17:52:07, Info: Saving project information...
13/4/2017 17:52:07, Info: Terminating SIMPLSharp Services
13/4/2017 17:52:07, Info: Saving project information...
13/4/2017 17:52:07, Info: Terminating SIMPLSharp Services
13/4/2017 17:52:07, Info: Saving project information...
13/4/2017 17:52:07, Info: Terminating SIMPLSharp Services
13/4/2017 17:52:07, Info: Saving project information...
13/4/2017 17:52:07, Info: Terminating SIMPLSharp Services
13/4/2017 17:52:07, Info: Saving project information...
13/4/2017 17:52:07, Info: Terminating SIMPLSharp Services
13/4/2017 17:52:07, Info: Saving project information...
13/4/2017 17:52:07, Info: Terminating SIMPLSharp Services
13/4/2017 17:52:07, Info: Saving project information...
13/4/2017 17:52:07, Info: Terminating SIMPLSharp Services
13/4/2017 17:52:07, Info: Saving project information...
13/4/2017 17:52:07, Info: Terminating SIMPLSharp Services
