14/4/2017 14:31:13, Info: Initializing SIMPLSharp Services...
14/4/2017 14:31:13, Info: ProjectInfo successfully initialized.
14/4/2017 14:31:14, Info: Verifying archive C:\Program Files (x86)\Crestron\Simpl\USRSPLUS\Cisco SX80 Corporate Phone Book.clz...
14/4/2017 14:31:14, Info: Saving project information...
14/4/2017 14:31:14, Info: Verifying archive C:\Program Files (x86)\Crestron\Simpl\USRSPLUS\Cisco SX80 Phone Book.clz...
14/4/2017 14:31:14, Info: Saving project information...
14/4/2017 14:31:18, Info: Commiting verification transaction...
14/4/2017 14:31:18, Info: Saving project information...
14/4/2017 14:32:12, Info: Initializing SIMPLSharp Services...
14/4/2017 14:32:12, Info: ProjectInfo successfully initialized.
14/4/2017 14:32:12, Info: Verifying archive C:\Program Files (x86)\Crestron\Simpl\USRSPLUS\Cisco SX80 Corporate Phone Book.clz...
14/4/2017 14:32:12, Info: Saving project information...
14/4/2017 14:32:12, Info: Verifying archive C:\Program Files (x86)\Crestron\Simpl\USRSPLUS\Cisco SX80 Phone Book.clz...
14/4/2017 14:32:13, Info: Saving project information...
14/4/2017 14:32:16, Info: Commiting verification transaction...
14/4/2017 14:32:16, Info: Saving project information...
14/4/2017 14:53:35, Info: Initializing SIMPLSharp Services...
14/4/2017 14:53:35, Info: ProjectInfo successfully initialized.
14/4/2017 14:53:35, Info: Verifying archive C:\Program Files (x86)\Crestron\Simpl\USRSPLUS\Cisco SX80 Corporate Phone Book.clz...
14/4/2017 14:53:35, Info: Saving project information...
14/4/2017 14:53:35, Info: Verifying archive C:\Program Files (x86)\Crestron\Simpl\USRSPLUS\Cisco SX80 Phone Book.clz...
14/4/2017 14:53:35, Info: Saving project information...
14/4/2017 14:53:39, Info: Commiting verification transaction...
14/4/2017 14:53:39, Info: Saving project information...
14/4/2017 15:58:03, Info: Initializing SIMPLSharp Services...
14/4/2017 15:58:03, Info: ProjectInfo successfully initialized.
14/4/2017 15:58:03, Info: Verifying archive C:\Program Files (x86)\Crestron\Simpl\USRSPLUS\Cisco SX80 Corporate Phone Book.clz...
14/4/2017 15:58:03, Info: Saving project information...
14/4/2017 15:58:03, Info: Verifying archive C:\Program Files (x86)\Crestron\Simpl\USRSPLUS\Cisco SX80 Phone Book.clz...
14/4/2017 15:58:03, Info: Saving project information...
14/4/2017 15:58:07, Info: Commiting verification transaction...
14/4/2017 15:58:07, Info: Saving project information...
14/4/2017 16:03:46, Info: Initializing SIMPLSharp Services...
14/4/2017 16:03:46, Info: ProjectInfo successfully initialized.
14/4/2017 16:03:46, Info: Verifying archive C:\Program Files (x86)\Crestron\Simpl\USRSPLUS\Cisco SX80 Corporate Phone Book.clz...
14/4/2017 16:03:46, Info: Saving project information...
14/4/2017 16:03:46, Info: Verifying archive C:\Program Files (x86)\Crestron\Simpl\USRSPLUS\Cisco SX80 Phone Book.clz...
14/4/2017 16:03:47, Info: Saving project information...
14/4/2017 16:03:50, Info: Commiting verification transaction...
14/4/2017 16:03:50, Info: Saving project information...
14/4/2017 16:05:06, Info: Initializing SIMPLSharp Services...
14/4/2017 16:05:06, Info: ProjectInfo successfully initialized.
14/4/2017 16:05:06, Info: Verifying archive C:\Program Files (x86)\Crestron\Simpl\USRSPLUS\Cisco SX80 Corporate Phone Book.clz...
14/4/2017 16:05:06, Info: Saving project information...
14/4/2017 16:05:06, Info: Verifying archive C:\Program Files (x86)\Crestron\Simpl\USRSPLUS\Cisco SX80 Phone Book.clz...
14/4/2017 16:05:06, Info: Saving project information...
14/4/2017 16:05:09, Info: Commiting verification transaction...
14/4/2017 16:05:09, Info: Saving project information...
14/4/2017 16:10:16, Info: Initializing SIMPLSharp Services...
14/4/2017 16:10:16, Info: ProjectInfo successfully initialized.
14/4/2017 16:10:16, Info: Verifying archive C:\Program Files (x86)\Crestron\Simpl\USRSPLUS\Cisco SX80 Corporate Phone Book.clz...
14/4/2017 16:10:16, Info: Saving project information...
14/4/2017 16:10:16, Info: Verifying archive C:\Program Files (x86)\Crestron\Simpl\USRSPLUS\Cisco SX80 Phone Book.clz...
14/4/2017 16:10:16, Info: Saving project information...
14/4/2017 16:10:20, Info: Commiting verification transaction...
14/4/2017 16:10:20, Info: Saving project information...
14/4/2017 16:31:47, Info: Terminating SIMPLSharp Services
14/4/2017 16:31:47, Info: Saving project information...
14/4/2017 16:31:47, Info: Terminating SIMPLSharp Services
14/4/2017 16:31:47, Info: Saving project information...
14/4/2017 16:31:47, Info: Terminating SIMPLSharp Services
14/4/2017 16:31:47, Info: Saving project information...
14/4/2017 16:31:47, Info: Terminating SIMPLSharp Services
14/4/2017 16:31:47, Info: Saving project information...
14/4/2017 16:31:47, Info: Terminating SIMPLSharp Services
14/4/2017 16:31:47, Info: Saving project information...
14/4/2017 16:31:47, Info: Terminating SIMPLSharp Services
14/4/2017 16:31:47, Info: Saving project information...
14/4/2017 16:31:47, Info: Terminating SIMPLSharp Services
