9/22/2017 11:52:06 AM, Info: Initializing SIMPLSharp Services...
9/22/2017 11:52:07 AM, Info: ProjectInfo successfully initialized.
9/22/2017 11:52:08 AM, Info: Verifying archive C:\Program Files (x86)\Crestron\Simpl\Usrsplus\Cisco SX80 Corporate Phone Book.clz...
9/22/2017 11:52:09 AM, Info: Saving project information...
9/22/2017 11:52:09 AM, Info: Verifying archive C:\Program Files (x86)\Crestron\Simpl\Usrsplus\Cisco SX80 Phone Book.clz...
9/22/2017 11:52:10 AM, Info: Saving project information...
9/22/2017 11:52:16 AM, Info: Commiting verification transaction...
9/22/2017 11:52:16 AM, Info: Saving project information...
9/22/2017 11:52:27 AM, Info: Initializing SIMPLSharp Services...
9/22/2017 11:52:27 AM, Info: ProjectInfo successfully initialized.
9/22/2017 11:52:28 AM, Info: Verifying archive C:\Program Files (x86)\Crestron\Simpl\Usrsplus\Cisco SX80 Corporate Phone Book.clz...
9/22/2017 11:52:28 AM, Info: Saving project information...
9/22/2017 11:52:28 AM, Info: Verifying archive C:\Program Files (x86)\Crestron\Simpl\Usrsplus\Cisco SX80 Phone Book.clz...
9/22/2017 11:52:29 AM, Info: Saving project information...
9/22/2017 11:52:34 AM, Info: Commiting verification transaction...
9/22/2017 11:52:34 AM, Info: Saving project information...
9/25/2017 11:31:17 AM, Info: Initializing SIMPLSharp Services...
9/25/2017 11:31:17 AM, Info: ProjectInfo successfully initialized.
9/25/2017 11:31:22 AM, Info: Verifying archive C:\Users\jcioffi\Dropbox\Viju\Projects\Medidata\NY Rooms\6th Floor Training & Conf Spaces\DMPS\Cisco SX80 Corporate Phone Book.clz...
9/25/2017 11:31:22 AM, Info: Saving project information...
9/25/2017 11:31:22 AM, Info: Verifying archive C:\Users\jcioffi\Dropbox\Viju\Projects\Medidata\NY Rooms\6th Floor Training & Conf Spaces\DMPS\Cisco SX80 Phone Book.clz...
9/25/2017 11:31:22 AM, Info: Saving project information...
9/25/2017 11:31:42 AM, Info: Commiting verification transaction...
9/25/2017 11:31:42 AM, Info: Saving project information...
9/25/2017 11:55:38 AM, Info: Initializing SIMPLSharp Services...
9/25/2017 11:55:38 AM, Info: ProjectInfo successfully initialized.
9/25/2017 11:55:43 AM, Info: Verifying archive C:\Users\jcioffi\Dropbox\Viju\Projects\Medidata\NY Rooms\6th Floor Training & Conf Spaces\DMPS\Cisco SX80 Corporate Phone Book.clz...
9/25/2017 11:55:44 AM, Info: Saving project information...
9/25/2017 11:55:44 AM, Info: Verifying archive C:\Users\jcioffi\Dropbox\Viju\Projects\Medidata\NY Rooms\6th Floor Training & Conf Spaces\DMPS\Cisco SX80 Phone Book.clz...
9/25/2017 11:55:44 AM, Info: Saving project information...
9/25/2017 11:56:03 AM, Info: Commiting verification transaction...
9/25/2017 11:56:03 AM, Info: Saving project information...
9/25/2017 12:11:08 PM, Info: Initializing SIMPLSharp Services...
9/25/2017 12:11:08 PM, Info: ProjectInfo successfully initialized.
9/25/2017 12:11:12 PM, Info: Verifying archive C:\Users\jcioffi\Dropbox\Viju\Projects\Medidata\NY Rooms\6th Floor Training & Conf Spaces\DMPS\Cisco SX80 Corporate Phone Book.clz...
9/25/2017 12:11:12 PM, Info: Saving project information...
9/25/2017 12:11:12 PM, Info: Verifying archive C:\Users\jcioffi\Dropbox\Viju\Projects\Medidata\NY Rooms\6th Floor Training & Conf Spaces\DMPS\Cisco SX80 Phone Book.clz...
9/25/2017 12:11:13 PM, Info: Saving project information...
9/25/2017 12:11:31 PM, Info: Commiting verification transaction...
9/25/2017 12:11:31 PM, Info: Saving project information...
9/25/2017 12:38:38 PM, Info: Initializing SIMPLSharp Services...
9/25/2017 12:38:38 PM, Info: ProjectInfo successfully initialized.
9/25/2017 12:38:42 PM, Info: Verifying archive C:\Users\jcioffi\Dropbox\Viju\Projects\Medidata\NY Rooms\6th Floor Training & Conf Spaces\DMPS\Cisco SX80 Corporate Phone Book.clz...
9/25/2017 12:38:42 PM, Info: Saving project information...
9/25/2017 12:38:42 PM, Info: Verifying archive C:\Users\jcioffi\Dropbox\Viju\Projects\Medidata\NY Rooms\6th Floor Training & Conf Spaces\DMPS\Cisco SX80 Phone Book.clz...
9/25/2017 12:38:42 PM, Info: Saving project information...
9/25/2017 12:39:01 PM, Info: Commiting verification transaction...
9/25/2017 12:39:01 PM, Info: Saving project information...
9/25/2017 12:51:28 PM, Info: Initializing SIMPLSharp Services...
9/25/2017 12:51:28 PM, Info: ProjectInfo successfully initialized.
9/25/2017 12:51:33 PM, Info: Verifying archive C:\Users\jcioffi\Dropbox\Viju\Projects\Medidata\NY Rooms\6th Floor Training & Conf Spaces\DMPS\Cisco SX80 Corporate Phone Book.clz...
9/25/2017 12:51:33 PM, Info: Saving project information...
9/25/2017 12:51:33 PM, Info: Verifying archive C:\Users\jcioffi\Dropbox\Viju\Projects\Medidata\NY Rooms\6th Floor Training & Conf Spaces\DMPS\Cisco SX80 Phone Book.clz...
9/25/2017 12:51:33 PM, Info: Saving project information...
9/25/2017 12:51:51 PM, Info: Commiting verification transaction...
9/25/2017 12:51:51 PM, Info: Saving project information...
9/25/2017 2:25:18 PM, Info: Initializing SIMPLSharp Services...
9/25/2017 2:25:18 PM, Info: ProjectInfo successfully initialized.
9/25/2017 2:25:24 PM, Info: Verifying archive C:\Users\jcioffi\Dropbox\Viju\Projects\Medidata\NY Rooms\6th Floor Training & Conf Spaces\DMPS\Cisco SX80 Corporate Phone Book.clz...
9/25/2017 2:25:24 PM, Info: Saving project information...
9/25/2017 2:25:24 PM, Info: Verifying archive C:\Users\jcioffi\Dropbox\Viju\Projects\Medidata\NY Rooms\6th Floor Training & Conf Spaces\DMPS\Cisco SX80 Phone Book.clz...
9/25/2017 2:25:24 PM, Info: Saving project information...
9/25/2017 2:25:49 PM, Info: Commiting verification transaction...
9/25/2017 2:25:49 PM, Info: Saving project information...
9/25/2017 2:35:13 PM, Info: Initializing SIMPLSharp Services...
9/25/2017 2:35:13 PM, Info: ProjectInfo successfully initialized.
9/25/2017 2:35:18 PM, Info: Verifying archive C:\Users\jcioffi\Dropbox\Viju\Projects\Medidata\NY Rooms\6th Floor Training & Conf Spaces\DMPS\Cisco SX80 Corporate Phone Book.clz...
9/25/2017 2:35:18 PM, Info: Saving project information...
9/25/2017 2:35:18 PM, Info: Verifying archive C:\Users\jcioffi\Dropbox\Viju\Projects\Medidata\NY Rooms\6th Floor Training & Conf Spaces\DMPS\Cisco SX80 Phone Book.clz...
9/25/2017 2:35:18 PM, Info: Saving project information...
9/25/2017 2:35:37 PM, Info: Commiting verification transaction...
9/25/2017 2:35:37 PM, Info: Saving project information...
9/25/2017 2:41:43 PM, Info: Initializing SIMPLSharp Services...
9/25/2017 2:41:43 PM, Info: ProjectInfo successfully initialized.
9/25/2017 2:41:48 PM, Info: Verifying archive C:\Users\jcioffi\Dropbox\Viju\Projects\Medidata\NY Rooms\6th Floor Training & Conf Spaces\DMPS\Cisco SX80 Corporate Phone Book.clz...
9/25/2017 2:41:48 PM, Info: Saving project information...
9/25/2017 2:41:48 PM, Info: Verifying archive C:\Users\jcioffi\Dropbox\Viju\Projects\Medidata\NY Rooms\6th Floor Training & Conf Spaces\DMPS\Cisco SX80 Phone Book.clz...
9/25/2017 2:41:48 PM, Info: Saving project information...
9/25/2017 2:42:06 PM, Info: Commiting verification transaction...
9/25/2017 2:42:06 PM, Info: Saving project information...
9/25/2017 2:47:24 PM, Info: Initializing SIMPLSharp Services...
9/25/2017 2:47:24 PM, Info: ProjectInfo successfully initialized.
9/25/2017 2:47:28 PM, Info: Verifying archive C:\Users\jcioffi\Dropbox\Viju\Projects\Medidata\NY Rooms\6th Floor Training & Conf Spaces\DMPS\Cisco SX80 Corporate Phone Book.clz...
9/25/2017 2:47:28 PM, Info: Saving project information...
9/25/2017 2:47:28 PM, Info: Verifying archive C:\Users\jcioffi\Dropbox\Viju\Projects\Medidata\NY Rooms\6th Floor Training & Conf Spaces\DMPS\Cisco SX80 Phone Book.clz...
9/25/2017 2:47:28 PM, Info: Saving project information...
9/25/2017 2:47:47 PM, Info: Commiting verification transaction...
9/25/2017 2:47:47 PM, Info: Saving project information...
9/25/2017 2:58:04 PM, Info: Initializing SIMPLSharp Services...
9/25/2017 2:58:04 PM, Info: ProjectInfo successfully initialized.
9/25/2017 2:58:08 PM, Info: Verifying archive C:\Users\jcioffi\Dropbox\Viju\Projects\Medidata\NY Rooms\6th Floor Training & Conf Spaces\DMPS\Cisco SX80 Corporate Phone Book.clz...
9/25/2017 2:58:08 PM, Info: Saving project information...
9/25/2017 2:58:08 PM, Info: Verifying archive C:\Users\jcioffi\Dropbox\Viju\Projects\Medidata\NY Rooms\6th Floor Training & Conf Spaces\DMPS\Cisco SX80 Phone Book.clz...
9/25/2017 2:58:08 PM, Info: Saving project information...
9/25/2017 2:58:26 PM, Info: Commiting verification transaction...
9/25/2017 2:58:26 PM, Info: Saving project information...
9/25/2017 3:25:49 PM, Info: Initializing SIMPLSharp Services...
9/25/2017 3:25:49 PM, Info: ProjectInfo successfully initialized.
9/25/2017 3:25:53 PM, Info: Verifying archive C:\Users\jcioffi\Dropbox\Viju\Projects\Medidata\NY Rooms\6th Floor Training & Conf Spaces\DMPS\Cisco SX80 Corporate Phone Book.clz...
9/25/2017 3:25:53 PM, Info: Saving project information...
9/25/2017 3:25:53 PM, Info: Verifying archive C:\Users\jcioffi\Dropbox\Viju\Projects\Medidata\NY Rooms\6th Floor Training & Conf Spaces\DMPS\Cisco SX80 Phone Book.clz...
9/25/2017 3:25:54 PM, Info: Saving project information...
9/25/2017 3:26:28 PM, Info: Commiting verification transaction...
9/25/2017 3:26:28 PM, Info: Saving project information...
9/25/2017 3:40:26 PM, Info: Initializing SIMPLSharp Services...
9/25/2017 3:40:26 PM, Info: ProjectInfo successfully initialized.
9/25/2017 3:40:31 PM, Info: Verifying archive C:\Users\jcioffi\Dropbox\Viju\Projects\Medidata\NY Rooms\6th Floor Training & Conf Spaces\DMPS\Cisco SX80 Corporate Phone Book.clz...
9/25/2017 3:40:31 PM, Info: Saving project information...
9/25/2017 3:40:31 PM, Info: Verifying archive C:\Users\jcioffi\Dropbox\Viju\Projects\Medidata\NY Rooms\6th Floor Training & Conf Spaces\DMPS\Cisco SX80 Phone Book.clz...
9/25/2017 3:40:31 PM, Info: Saving project information...
9/25/2017 3:40:50 PM, Info: Commiting verification transaction...
9/25/2017 3:40:50 PM, Info: Saving project information...
9/25/2017 3:47:56 PM, Info: Initializing SIMPLSharp Services...
9/25/2017 3:47:56 PM, Info: ProjectInfo successfully initialized.
9/25/2017 3:48:00 PM, Info: Verifying archive C:\Users\jcioffi\Dropbox\Viju\Projects\Medidata\NY Rooms\6th Floor Training & Conf Spaces\DMPS\Cisco SX80 Corporate Phone Book.clz...
9/25/2017 3:48:01 PM, Info: Saving project information...
9/25/2017 3:48:01 PM, Info: Verifying archive C:\Users\jcioffi\Dropbox\Viju\Projects\Medidata\NY Rooms\6th Floor Training & Conf Spaces\DMPS\Cisco SX80 Phone Book.clz...
9/25/2017 3:48:01 PM, Info: Saving project information...
9/25/2017 3:48:19 PM, Info: Commiting verification transaction...
9/25/2017 3:48:19 PM, Info: Saving project information...
9/25/2017 3:53:35 PM, Info: Initializing SIMPLSharp Services...
9/25/2017 3:53:35 PM, Info: ProjectInfo successfully initialized.
9/25/2017 3:53:40 PM, Info: Verifying archive C:\Users\jcioffi\Dropbox\Viju\Projects\Medidata\NY Rooms\6th Floor Training & Conf Spaces\DMPS\Cisco SX80 Corporate Phone Book.clz...
9/25/2017 3:53:40 PM, Info: Saving project information...
9/25/2017 3:53:40 PM, Info: Verifying archive C:\Users\jcioffi\Dropbox\Viju\Projects\Medidata\NY Rooms\6th Floor Training & Conf Spaces\DMPS\Cisco SX80 Phone Book.clz...
9/25/2017 3:53:40 PM, Info: Saving project information...
9/25/2017 3:53:58 PM, Info: Commiting verification transaction...
9/25/2017 3:53:58 PM, Info: Saving project information...
9/25/2017 5:58:46 PM, Info: Initializing SIMPLSharp Services...
9/25/2017 5:58:46 PM, Info: ProjectInfo successfully initialized.
9/25/2017 5:58:51 PM, Info: Verifying archive C:\Users\jcioffi\Dropbox\Viju\Projects\Medidata\NY Rooms\6th Floor Training & Conf Spaces\DMPS\Cisco SX80 Corporate Phone Book.clz...
9/25/2017 5:58:51 PM, Info: Saving project information...
9/25/2017 5:58:51 PM, Info: Verifying archive C:\Users\jcioffi\Dropbox\Viju\Projects\Medidata\NY Rooms\6th Floor Training & Conf Spaces\DMPS\Cisco SX80 Phone Book.clz...
9/25/2017 5:58:52 PM, Info: Saving project information...
9/25/2017 5:59:10 PM, Info: Commiting verification transaction...
9/25/2017 5:59:10 PM, Info: Saving project information...
9/25/2017 7:36:40 PM, Info: Initializing SIMPLSharp Services...
9/25/2017 7:36:40 PM, Info: ProjectInfo successfully initialized.
9/25/2017 7:36:44 PM, Info: Verifying archive C:\Users\jcioffi\Dropbox\Viju\Projects\Medidata\NY Rooms\6th Floor Training & Conf Spaces\DMPS\Cisco SX80 Corporate Phone Book.clz...
9/25/2017 7:36:45 PM, Info: Saving project information...
9/25/2017 7:36:45 PM, Info: Verifying archive C:\Users\jcioffi\Dropbox\Viju\Projects\Medidata\NY Rooms\6th Floor Training & Conf Spaces\DMPS\Cisco SX80 Phone Book.clz...
9/25/2017 7:36:45 PM, Info: Saving project information...
9/25/2017 7:37:03 PM, Info: Commiting verification transaction...
9/25/2017 7:37:03 PM, Info: Saving project information...
9/25/2017 7:55:40 PM, Info: Initializing SIMPLSharp Services...
9/25/2017 7:55:40 PM, Info: ProjectInfo successfully initialized.
9/25/2017 7:55:45 PM, Info: Verifying archive C:\Users\jcioffi\Dropbox\Viju\Projects\Medidata\NY Rooms\6th Floor Training & Conf Spaces\DMPS\Cisco SX80 Corporate Phone Book.clz...
9/25/2017 7:55:45 PM, Info: Saving project information...
9/25/2017 7:55:45 PM, Info: Verifying archive C:\Users\jcioffi\Dropbox\Viju\Projects\Medidata\NY Rooms\6th Floor Training & Conf Spaces\DMPS\Cisco SX80 Phone Book.clz...
9/25/2017 7:55:45 PM, Info: Saving project information...
9/25/2017 7:56:03 PM, Info: Commiting verification transaction...
9/25/2017 7:56:03 PM, Info: Saving project information...
9/25/2017 8:50:46 PM, Info: Initializing SIMPLSharp Services...
9/25/2017 8:50:46 PM, Info: ProjectInfo successfully initialized.
9/25/2017 8:50:50 PM, Info: Verifying archive C:\Users\jcioffi\Dropbox\Viju\Projects\Medidata\NY Rooms\6th Floor Training & Conf Spaces\DMPS\Cisco SX80 Corporate Phone Book.clz...
9/25/2017 8:50:51 PM, Info: Saving project information...
9/25/2017 8:50:51 PM, Info: Verifying archive C:\Users\jcioffi\Dropbox\Viju\Projects\Medidata\NY Rooms\6th Floor Training & Conf Spaces\DMPS\Cisco SX80 Phone Book.clz...
9/25/2017 8:50:51 PM, Info: Saving project information...
9/25/2017 8:51:10 PM, Info: Commiting verification transaction...
9/25/2017 8:51:10 PM, Info: Saving project information...
9/25/2017 9:06:04 PM, Info: Initializing SIMPLSharp Services...
9/25/2017 9:06:04 PM, Info: ProjectInfo successfully initialized.
9/25/2017 9:06:09 PM, Info: Verifying archive C:\Users\jcioffi\Dropbox\Viju\Projects\Medidata\NY Rooms\6th Floor Training & Conf Spaces\DMPS\Cisco SX80 Corporate Phone Book.clz...
9/25/2017 9:06:09 PM, Info: Saving project information...
9/25/2017 9:06:09 PM, Info: Verifying archive C:\Users\jcioffi\Dropbox\Viju\Projects\Medidata\NY Rooms\6th Floor Training & Conf Spaces\DMPS\Cisco SX80 Phone Book.clz...
9/25/2017 9:06:09 PM, Info: Saving project information...
9/25/2017 9:06:30 PM, Info: Commiting verification transaction...
9/25/2017 9:06:30 PM, Info: Saving project information...
9/25/2017 9:29:31 PM, Info: Terminating SIMPLSharp Services
9/25/2017 9:29:31 PM, Info: Saving project information...
9/25/2017 9:29:31 PM, Info: Terminating SIMPLSharp Services
9/25/2017 9:29:31 PM, Info: Saving project information...
9/25/2017 9:29:31 PM, Info: Terminating SIMPLSharp Services
9/25/2017 9:29:31 PM, Info: Saving project information...
9/25/2017 9:29:31 PM, Info: Terminating SIMPLSharp Services
9/25/2017 9:29:31 PM, Info: Saving project information...
9/25/2017 9:29:31 PM, Info: Terminating SIMPLSharp Services
9/25/2017 9:29:31 PM, Info: Saving project information...
9/25/2017 9:29:31 PM, Info: Terminating SIMPLSharp Services
9/25/2017 9:29:31 PM, Info: Saving project information...
9/25/2017 9:29:31 PM, Info: Terminating SIMPLSharp Services
9/25/2017 9:29:31 PM, Info: Saving project information...
9/25/2017 9:29:31 PM, Info: Terminating SIMPLSharp Services
9/25/2017 9:29:31 PM, Info: Saving project information...
9/25/2017 9:29:31 PM, Info: Terminating SIMPLSharp Services
9/25/2017 9:29:31 PM, Info: Saving project information...
9/25/2017 9:29:31 PM, Info: Terminating SIMPLSharp Services
9/25/2017 9:29:31 PM, Info: Saving project information...
9/25/2017 9:29:31 PM, Info: Terminating SIMPLSharp Services
9/25/2017 9:29:31 PM, Info: Saving project information...
9/25/2017 9:29:31 PM, Info: Terminating SIMPLSharp Services
9/25/2017 9:29:31 PM, Info: Saving project information...
9/25/2017 9:29:31 PM, Info: Terminating SIMPLSharp Services
9/25/2017 9:29:31 PM, Info: Saving project information...
9/25/2017 9:29:31 PM, Info: Terminating SIMPLSharp Services
9/25/2017 9:29:31 PM, Info: Saving project information...
9/25/2017 9:29:31 PM, Info: Terminating SIMPLSharp Services
9/25/2017 9:29:31 PM, Info: Saving project information...
9/25/2017 9:29:31 PM, Info: Terminating SIMPLSharp Services
9/25/2017 9:29:31 PM, Info: Saving project information...
9/25/2017 9:29:31 PM, Info: Terminating SIMPLSharp Services
9/25/2017 9:29:31 PM, Info: Saving project information...
9/25/2017 9:29:31 PM, Info: Terminating SIMPLSharp Services
9/25/2017 9:29:31 PM, Info: Saving project information...
9/25/2017 9:29:31 PM, Info: Terminating SIMPLSharp Services
9/25/2017 9:29:31 PM, Info: Saving project information...
9/25/2017 9:29:31 PM, Info: Terminating SIMPLSharp Services
9/25/2017 9:29:31 PM, Info: Saving project information...
9/25/2017 9:29:31 PM, Info: Terminating SIMPLSharp Services
