10/2/2017 1:04:56 PM, Info: Initializing SIMPLSharp Services...
10/2/2017 1:04:56 PM, Info: ProjectInfo successfully initialized.
10/2/2017 1:05:00 PM, Info: Verifying archive C:\Users\jcioffi\Dropbox\Viju\Projects\Medidata\NY Rooms\6th Floor Training & Conf Spaces\DMPS\Cisco SX80 Corporate Phone Book.clz...
10/2/2017 1:05:01 PM, Info: Saving project information...
10/2/2017 1:05:01 PM, Info: Verifying archive C:\Users\jcioffi\Dropbox\Viju\Projects\Medidata\NY Rooms\6th Floor Training & Conf Spaces\DMPS\Cisco SX80 Phone Book.clz...
10/2/2017 1:05:02 PM, Info: Saving project information...
10/2/2017 1:05:20 PM, Info: Commiting verification transaction...
10/2/2017 1:05:20 PM, Info: Saving project information...
10/2/2017 1:35:28 PM, Info: Initializing SIMPLSharp Services...
10/2/2017 1:35:28 PM, Info: ProjectInfo successfully initialized.
10/2/2017 1:35:32 PM, Info: Verifying archive C:\Users\jcioffi\Dropbox\Viju\Projects\Medidata\NY Rooms\6th Floor Training & Conf Spaces\DMPS\Cisco SX80 Corporate Phone Book.clz...
10/2/2017 1:35:32 PM, Info: Saving project information...
10/2/2017 1:35:32 PM, Info: Verifying archive C:\Users\jcioffi\Dropbox\Viju\Projects\Medidata\NY Rooms\6th Floor Training & Conf Spaces\DMPS\Cisco SX80 Phone Book.clz...
10/2/2017 1:35:32 PM, Info: Saving project information...
10/2/2017 1:35:50 PM, Info: Commiting verification transaction...
10/2/2017 1:35:50 PM, Info: Saving project information...
10/2/2017 1:58:49 PM, Info: Initializing SIMPLSharp Services...
10/2/2017 1:58:49 PM, Info: ProjectInfo successfully initialized.
10/2/2017 1:58:53 PM, Info: Verifying archive C:\Users\jcioffi\Dropbox\Viju\Projects\Medidata\NY Rooms\6th Floor Training & Conf Spaces\DMPS\Cisco SX80 Corporate Phone Book.clz...
10/2/2017 1:58:53 PM, Info: Saving project information...
10/2/2017 1:58:53 PM, Info: Verifying archive C:\Users\jcioffi\Dropbox\Viju\Projects\Medidata\NY Rooms\6th Floor Training & Conf Spaces\DMPS\Cisco SX80 Phone Book.clz...
10/2/2017 1:58:53 PM, Info: Saving project information...
10/2/2017 1:59:12 PM, Info: Commiting verification transaction...
10/2/2017 1:59:12 PM, Info: Saving project information...
10/2/2017 2:03:40 PM, Info: Initializing SIMPLSharp Services...
10/2/2017 2:03:40 PM, Info: ProjectInfo successfully initialized.
10/2/2017 2:03:44 PM, Info: Verifying archive C:\Users\jcioffi\Dropbox\Viju\Projects\Medidata\NY Rooms\6th Floor Training & Conf Spaces\DMPS\Cisco SX80 Corporate Phone Book.clz...
10/2/2017 2:03:44 PM, Info: Saving project information...
10/2/2017 2:03:44 PM, Info: Verifying archive C:\Users\jcioffi\Dropbox\Viju\Projects\Medidata\NY Rooms\6th Floor Training & Conf Spaces\DMPS\Cisco SX80 Phone Book.clz...
10/2/2017 2:03:44 PM, Info: Saving project information...
10/2/2017 2:04:02 PM, Info: Commiting verification transaction...
10/2/2017 2:04:02 PM, Info: Saving project information...
10/2/2017 3:27:33 PM, Info: Initializing SIMPLSharp Services...
10/2/2017 3:27:33 PM, Info: ProjectInfo successfully initialized.
10/2/2017 3:27:38 PM, Info: Verifying archive C:\Users\jcioffi\Dropbox\Viju\Projects\Medidata\NY Rooms\6th Floor Training & Conf Spaces\DMPS\Cisco SX80 Corporate Phone Book.clz...
10/2/2017 3:27:38 PM, Info: Saving project information...
10/2/2017 3:27:38 PM, Info: Verifying archive C:\Users\jcioffi\Dropbox\Viju\Projects\Medidata\NY Rooms\6th Floor Training & Conf Spaces\DMPS\Cisco SX80 Phone Book.clz...
10/2/2017 3:27:38 PM, Info: Saving project information...
10/2/2017 3:27:58 PM, Info: Commiting verification transaction...
10/2/2017 3:27:58 PM, Info: Saving project information...
10/2/2017 3:44:44 PM, Info: Initializing SIMPLSharp Services...
10/2/2017 3:44:44 PM, Info: ProjectInfo successfully initialized.
10/2/2017 3:44:48 PM, Info: Verifying archive C:\Users\jcioffi\Dropbox\Viju\Projects\Medidata\NY Rooms\6th Floor Training & Conf Spaces\DMPS\Cisco SX80 Corporate Phone Book.clz...
10/2/2017 3:44:48 PM, Info: Saving project information...
10/2/2017 3:44:48 PM, Info: Verifying archive C:\Users\jcioffi\Dropbox\Viju\Projects\Medidata\NY Rooms\6th Floor Training & Conf Spaces\DMPS\Cisco SX80 Phone Book.clz...
10/2/2017 3:44:49 PM, Info: Saving project information...
10/2/2017 3:45:06 PM, Info: Commiting verification transaction...
10/2/2017 3:45:06 PM, Info: Saving project information...
10/2/2017 3:57:28 PM, Info: Terminating SIMPLSharp Services
10/2/2017 3:57:28 PM, Info: Saving project information...
10/2/2017 3:57:28 PM, Info: Terminating SIMPLSharp Services
10/2/2017 3:57:28 PM, Info: Saving project information...
10/2/2017 3:57:28 PM, Info: Terminating SIMPLSharp Services
10/2/2017 3:57:28 PM, Info: Saving project information...
10/2/2017 3:57:28 PM, Info: Terminating SIMPLSharp Services
10/2/2017 3:57:28 PM, Info: Saving project information...
10/2/2017 3:57:28 PM, Info: Terminating SIMPLSharp Services
10/2/2017 3:57:28 PM, Info: Saving project information...
10/2/2017 3:57:28 PM, Info: Terminating SIMPLSharp Services
