9/29/2017 11:12:15 AM, Info: Initializing SIMPLSharp Services...
9/29/2017 11:12:15 AM, Info: ProjectInfo successfully initialized.
9/29/2017 11:12:22 AM, Info: Verifying archive C:\Users\jcioffi\Dropbox\Viju\Projects\Medidata\NY Rooms\6th Floor Training & Conf Spaces\DMPS\Cisco SX80 Corporate Phone Book.clz...
9/29/2017 11:12:23 AM, Info: Saving project information...
9/29/2017 11:12:23 AM, Info: Verifying archive C:\Users\jcioffi\Dropbox\Viju\Projects\Medidata\NY Rooms\6th Floor Training & Conf Spaces\DMPS\Cisco SX80 Phone Book.clz...
9/29/2017 11:12:23 AM, Info: Saving project information...
9/29/2017 11:12:56 AM, Info: Commiting verification transaction...
9/29/2017 11:12:56 AM, Info: Saving project information...
9/29/2017 12:11:02 PM, Info: Initializing SIMPLSharp Services...
9/29/2017 12:11:02 PM, Info: ProjectInfo successfully initialized.
9/29/2017 12:11:06 PM, Info: Verifying archive C:\Users\jcioffi\Dropbox\Viju\Projects\Medidata\NY Rooms\6th Floor Training & Conf Spaces\DMPS\Cisco SX80 Corporate Phone Book.clz...
9/29/2017 12:11:06 PM, Info: Saving project information...
9/29/2017 12:11:06 PM, Info: Verifying archive C:\Users\jcioffi\Dropbox\Viju\Projects\Medidata\NY Rooms\6th Floor Training & Conf Spaces\DMPS\Cisco SX80 Phone Book.clz...
9/29/2017 12:11:06 PM, Info: Saving project information...
9/29/2017 12:11:25 PM, Info: Commiting verification transaction...
9/29/2017 12:11:25 PM, Info: Saving project information...
9/29/2017 12:20:02 PM, Info: Initializing SIMPLSharp Services...
9/29/2017 12:20:02 PM, Info: ProjectInfo successfully initialized.
9/29/2017 12:20:06 PM, Info: Verifying archive C:\Users\jcioffi\Dropbox\Viju\Projects\Medidata\NY Rooms\6th Floor Training & Conf Spaces\DMPS\Cisco SX80 Corporate Phone Book.clz...
9/29/2017 12:20:07 PM, Info: Saving project information...
9/29/2017 12:20:07 PM, Info: Verifying archive C:\Users\jcioffi\Dropbox\Viju\Projects\Medidata\NY Rooms\6th Floor Training & Conf Spaces\DMPS\Cisco SX80 Phone Book.clz...
9/29/2017 12:20:07 PM, Info: Saving project information...
9/29/2017 12:20:25 PM, Info: Commiting verification transaction...
9/29/2017 12:20:25 PM, Info: Saving project information...
9/29/2017 12:27:26 PM, Info: Initializing SIMPLSharp Services...
9/29/2017 12:27:26 PM, Info: ProjectInfo successfully initialized.
9/29/2017 12:27:30 PM, Info: Verifying archive C:\Users\jcioffi\Dropbox\Viju\Projects\Medidata\NY Rooms\6th Floor Training & Conf Spaces\DMPS\Cisco SX80 Corporate Phone Book.clz...
9/29/2017 12:27:30 PM, Info: Saving project information...
9/29/2017 12:27:30 PM, Info: Verifying archive C:\Users\jcioffi\Dropbox\Viju\Projects\Medidata\NY Rooms\6th Floor Training & Conf Spaces\DMPS\Cisco SX80 Phone Book.clz...
9/29/2017 12:27:30 PM, Info: Saving project information...
9/29/2017 12:27:48 PM, Info: Commiting verification transaction...
9/29/2017 12:27:48 PM, Info: Saving project information...
9/29/2017 12:28:28 PM, Info: Initializing SIMPLSharp Services...
9/29/2017 12:28:28 PM, Info: ProjectInfo successfully initialized.
9/29/2017 12:28:33 PM, Info: Verifying archive C:\Users\jcioffi\Dropbox\Viju\Projects\Medidata\NY Rooms\6th Floor Training & Conf Spaces\DMPS\Cisco SX80 Corporate Phone Book.clz...
9/29/2017 12:28:33 PM, Info: Saving project information...
9/29/2017 12:28:33 PM, Info: Verifying archive C:\Users\jcioffi\Dropbox\Viju\Projects\Medidata\NY Rooms\6th Floor Training & Conf Spaces\DMPS\Cisco SX80 Phone Book.clz...
9/29/2017 12:28:33 PM, Info: Saving project information...
9/29/2017 12:28:51 PM, Info: Commiting verification transaction...
9/29/2017 12:28:51 PM, Info: Saving project information...
9/29/2017 1:04:00 PM, Info: Terminating SIMPLSharp Services
9/29/2017 1:04:00 PM, Info: Saving project information...
9/29/2017 1:04:00 PM, Info: Terminating SIMPLSharp Services
9/29/2017 1:04:00 PM, Info: Saving project information...
9/29/2017 1:04:00 PM, Info: Terminating SIMPLSharp Services
9/29/2017 1:04:00 PM, Info: Saving project information...
9/29/2017 1:04:00 PM, Info: Terminating SIMPLSharp Services
9/29/2017 1:04:00 PM, Info: Saving project information...
9/29/2017 1:04:00 PM, Info: Terminating SIMPLSharp Services
