9/13/2017 11:36:04 AM, Info: Initializing SIMPLSharp Services...
9/13/2017 11:36:04 AM, Info: ProjectInfo successfully initialized.
9/13/2017 11:36:20 AM, Info: Verifying archive C:\Users\jcioffi\Dropbox\Viju\Projects\Medidata\NY Rooms\6th Floor Training\DMPS\Cisco SX80 Corporate Phone Book.clz...
9/13/2017 11:36:20 AM, Info: Saving project information...
9/13/2017 11:38:18 AM, Info: Commiting verification transaction...
9/13/2017 11:38:18 AM, Info: Saving project information...
9/13/2017 2:00:07 PM, Info: Initializing SIMPLSharp Services...
9/13/2017 2:00:07 PM, Info: ProjectInfo successfully initialized.
9/13/2017 2:00:17 PM, Info: Verifying archive C:\Users\jcioffi\Dropbox\Viju\Projects\Medidata\NY Rooms\6th Floor Training\DMPS\Cisco SX80 Corporate Phone Book.clz...
9/13/2017 2:00:18 PM, Info: Saving project information...
9/13/2017 2:02:14 PM, Info: Commiting verification transaction...
9/13/2017 2:02:14 PM, Info: Saving project information...
9/13/2017 2:37:04 PM, Info: Initializing SIMPLSharp Services...
9/13/2017 2:37:04 PM, Info: ProjectInfo successfully initialized.
9/13/2017 2:37:10 PM, Info: Verifying archive C:\Users\jcioffi\Dropbox\Viju\Projects\Medidata\NY Rooms\6th Floor Training\DMPS\Cisco SX80 Corporate Phone Book.clz...
9/13/2017 2:37:10 PM, Info: Saving project information...
9/13/2017 2:38:43 PM, Info: Commiting verification transaction...
9/13/2017 2:38:43 PM, Info: Saving project information...
9/13/2017 3:25:18 PM, Info: Initializing SIMPLSharp Services...
9/13/2017 3:25:18 PM, Info: ProjectInfo successfully initialized.
9/13/2017 3:25:33 PM, Info: Verifying archive C:\Users\jcioffi\Dropbox\Viju\Projects\Medidata\NY Rooms\6th Floor Training\DMPS\Cisco SX80 Corporate Phone Book.clz...
9/13/2017 3:25:34 PM, Info: Saving project information...
9/13/2017 3:25:34 PM, Info: Verifying archive C:\Users\jcioffi\Dropbox\Viju\Projects\Medidata\NY Rooms\6th Floor Training\DMPS\Cisco SX80 Phone Book.clz...
9/13/2017 3:25:35 PM, Info: Saving project information...
9/13/2017 3:27:05 PM, Info: Commiting verification transaction...
9/13/2017 3:27:05 PM, Info: Saving project information...
9/13/2017 3:32:10 PM, Info: Initializing SIMPLSharp Services...
9/13/2017 3:32:10 PM, Info: ProjectInfo successfully initialized.
9/13/2017 3:32:20 PM, Info: Verifying archive C:\Users\jcioffi\Dropbox\Viju\Projects\Medidata\NY Rooms\6th Floor Training\DMPS\Cisco SX80 Corporate Phone Book.clz...
9/13/2017 3:32:20 PM, Info: Saving project information...
9/13/2017 3:32:20 PM, Info: Verifying archive C:\Users\jcioffi\Dropbox\Viju\Projects\Medidata\NY Rooms\6th Floor Training\DMPS\Cisco SX80 Phone Book.clz...
9/13/2017 3:32:21 PM, Info: Saving project information...
9/13/2017 3:33:54 PM, Info: Commiting verification transaction...
9/13/2017 3:33:54 PM, Info: Saving project information...
9/13/2017 5:15:57 PM, Info: Initializing SIMPLSharp Services...
9/13/2017 5:15:57 PM, Info: ProjectInfo successfully initialized.
9/13/2017 5:16:07 PM, Info: Verifying archive C:\Users\jcioffi\Dropbox\Viju\Projects\Medidata\NY Rooms\6th Floor Training\DMPS\Cisco SX80 Corporate Phone Book.clz...
9/13/2017 5:16:07 PM, Info: Saving project information...
9/13/2017 5:16:07 PM, Info: Verifying archive C:\Users\jcioffi\Dropbox\Viju\Projects\Medidata\NY Rooms\6th Floor Training\DMPS\Cisco SX80 Phone Book.clz...
9/13/2017 5:16:08 PM, Info: Saving project information...
9/13/2017 5:16:49 PM, Info: Commiting verification transaction...
9/13/2017 5:16:49 PM, Info: Saving project information...
9/13/2017 5:25:10 PM, Info: Initializing SIMPLSharp Services...
9/13/2017 5:25:10 PM, Info: ProjectInfo successfully initialized.
9/13/2017 5:25:15 PM, Info: Verifying archive C:\Users\jcioffi\Dropbox\Viju\Projects\Medidata\NY Rooms\6th Floor Training\DMPS\Cisco SX80 Corporate Phone Book.clz...
9/13/2017 5:25:16 PM, Info: Saving project information...
9/13/2017 5:25:16 PM, Info: Verifying archive C:\Users\jcioffi\Dropbox\Viju\Projects\Medidata\NY Rooms\6th Floor Training\DMPS\Cisco SX80 Phone Book.clz...
9/13/2017 5:25:16 PM, Info: Saving project information...
9/13/2017 5:25:43 PM, Info: Commiting verification transaction...
9/13/2017 5:25:43 PM, Info: Saving project information...
9/13/2017 6:04:02 PM, Info: Initializing SIMPLSharp Services...
9/13/2017 6:04:02 PM, Info: ProjectInfo successfully initialized.
9/13/2017 6:04:09 PM, Info: Verifying archive C:\Users\jcioffi\Dropbox\Viju\Projects\Medidata\NY Rooms\6th Floor Training\DMPS\Cisco SX80 Corporate Phone Book.clz...
9/13/2017 6:04:10 PM, Info: Saving project information...
9/13/2017 6:04:10 PM, Info: Verifying archive C:\Users\jcioffi\Dropbox\Viju\Projects\Medidata\NY Rooms\6th Floor Training\DMPS\Cisco SX80 Phone Book.clz...
9/13/2017 6:04:10 PM, Info: Saving project information...
9/13/2017 6:04:43 PM, Info: Commiting verification transaction...
9/13/2017 6:04:43 PM, Info: Saving project information...
9/13/2017 7:02:01 PM, Info: Terminating SIMPLSharp Services
9/13/2017 7:02:01 PM, Info: Saving project information...
9/13/2017 7:02:01 PM, Info: Terminating SIMPLSharp Services
9/13/2017 7:02:01 PM, Info: Saving project information...
9/13/2017 7:02:01 PM, Info: Terminating SIMPLSharp Services
9/13/2017 7:02:01 PM, Info: Saving project information...
9/13/2017 7:02:01 PM, Info: Terminating SIMPLSharp Services
9/13/2017 7:02:01 PM, Info: Saving project information...
9/13/2017 7:02:01 PM, Info: Terminating SIMPLSharp Services
9/13/2017 7:02:01 PM, Info: Saving project information...
9/13/2017 7:02:01 PM, Info: Terminating SIMPLSharp Services
9/13/2017 7:02:01 PM, Info: Saving project information...
9/13/2017 7:02:01 PM, Info: Terminating SIMPLSharp Services
9/13/2017 7:02:01 PM, Info: Saving project information...
9/13/2017 7:02:01 PM, Info: Terminating SIMPLSharp Services
