9/29/2017 10:04:12 AM, Info: Initializing SIMPLSharp Services...
9/29/2017 10:04:12 AM, Info: ProjectInfo successfully initialized.
9/29/2017 10:04:16 AM, Info: Verifying archive C:\Users\jcioffi\Dropbox\Viju\Projects\Medidata\NY Rooms\6th Floor Training & Conf Spaces\DMPS\Cisco SX80 Corporate Phone Book.clz...
9/29/2017 10:04:16 AM, Info: Saving project information...
9/29/2017 10:04:16 AM, Info: Verifying archive C:\Users\jcioffi\Dropbox\Viju\Projects\Medidata\NY Rooms\6th Floor Training & Conf Spaces\DMPS\Cisco SX80 Phone Book.clz...
9/29/2017 10:04:17 AM, Info: Saving project information...
9/29/2017 10:04:36 AM, Info: Commiting verification transaction...
9/29/2017 10:04:36 AM, Info: Saving project information...
9/29/2017 10:31:04 AM, Info: Initializing SIMPLSharp Services...
9/29/2017 10:31:04 AM, Info: ProjectInfo successfully initialized.
9/29/2017 10:31:05 AM, Info: Commiting verification transaction...
9/29/2017 10:31:05 AM, Info: Saving project information...
9/29/2017 10:34:06 AM, Info: Initializing SIMPLSharp Services...
9/29/2017 10:34:06 AM, Info: ProjectInfo successfully initialized.
9/29/2017 10:34:10 AM, Info: Verifying archive C:\Users\jcioffi\Dropbox\Viju\Projects\Medidata\NY Rooms\6th Floor Training & Conf Spaces\DMPS\Cisco SX80 Corporate Phone Book.clz...
9/29/2017 10:34:10 AM, Info: Saving project information...
9/29/2017 10:34:10 AM, Info: Verifying archive C:\Users\jcioffi\Dropbox\Viju\Projects\Medidata\NY Rooms\6th Floor Training & Conf Spaces\DMPS\Cisco SX80 Phone Book.clz...
9/29/2017 10:34:11 AM, Info: Saving project information...
9/29/2017 10:34:29 AM, Info: Commiting verification transaction...
9/29/2017 10:34:29 AM, Info: Saving project information...
9/29/2017 11:57:11 AM, Info: Initializing SIMPLSharp Services...
9/29/2017 11:57:11 AM, Info: ProjectInfo successfully initialized.
9/29/2017 11:57:15 AM, Info: Verifying archive C:\Users\jcioffi\Dropbox\Viju\Projects\Medidata\NY Rooms\6th Floor Training & Conf Spaces\DMPS\Cisco SX80 Corporate Phone Book.clz...
9/29/2017 11:57:16 AM, Info: Saving project information...
9/29/2017 11:57:16 AM, Info: Verifying archive C:\Users\jcioffi\Dropbox\Viju\Projects\Medidata\NY Rooms\6th Floor Training & Conf Spaces\DMPS\Cisco SX80 Phone Book.clz...
9/29/2017 11:57:16 AM, Info: Saving project information...
9/29/2017 11:57:34 AM, Info: Commiting verification transaction...
9/29/2017 11:57:34 AM, Info: Saving project information...
9/29/2017 11:57:43 AM, Info: Terminating SIMPLSharp Services
9/29/2017 11:57:43 AM, Info: Saving project information...
9/29/2017 11:57:43 AM, Info: Terminating SIMPLSharp Services
9/29/2017 11:57:43 AM, Info: Saving project information...
9/29/2017 11:57:43 AM, Info: Terminating SIMPLSharp Services
9/29/2017 11:57:43 AM, Info: Saving project information...
9/29/2017 11:57:43 AM, Info: Terminating SIMPLSharp Services
