9/20/2017 1:49:55 PM, Info: Initializing SIMPLSharp Services...
9/20/2017 1:49:55 PM, Info: ProjectInfo successfully initialized.
9/20/2017 1:50:00 PM, Info: Verifying archive C:\Users\jcioffi\Dropbox\Viju\Projects\Medidata\NY Rooms\6th Floor Training & Conf Spaces\DMPS\Cisco SX80 Corporate Phone Book.clz...
9/20/2017 1:50:00 PM, Info: Saving project information...
9/20/2017 1:50:00 PM, Info: Verifying archive C:\Users\jcioffi\Dropbox\Viju\Projects\Medidata\NY Rooms\6th Floor Training & Conf Spaces\DMPS\Cisco SX80 Phone Book.clz...
9/20/2017 1:50:01 PM, Info: Saving project information...
9/20/2017 1:51:08 PM, Info: Commiting verification transaction...
9/20/2017 1:51:08 PM, Info: Saving project information...
9/20/2017 3:09:57 PM, Info: Initializing SIMPLSharp Services...
9/20/2017 3:09:57 PM, Info: ProjectInfo successfully initialized.
9/20/2017 3:10:02 PM, Info: Verifying archive C:\Users\jcioffi\Dropbox\Viju\Projects\Medidata\NY Rooms\6th Floor Training & Conf Spaces\DMPS\Cisco SX80 Corporate Phone Book.clz...
9/20/2017 3:10:02 PM, Info: Saving project information...
9/20/2017 3:10:02 PM, Info: Verifying archive C:\Users\jcioffi\Dropbox\Viju\Projects\Medidata\NY Rooms\6th Floor Training & Conf Spaces\DMPS\Cisco SX80 Phone Book.clz...
9/20/2017 3:10:02 PM, Info: Saving project information...
9/20/2017 3:10:21 PM, Info: Commiting verification transaction...
9/20/2017 3:10:21 PM, Info: Saving project information...
9/20/2017 6:02:27 PM, Info: Initializing SIMPLSharp Services...
9/20/2017 6:02:27 PM, Info: ProjectInfo successfully initialized.
9/20/2017 6:02:31 PM, Info: Verifying archive C:\Users\jcioffi\Dropbox\Viju\Projects\Medidata\NY Rooms\6th Floor Training & Conf Spaces\DMPS\Cisco SX80 Corporate Phone Book.clz...
9/20/2017 6:02:31 PM, Info: Saving project information...
9/20/2017 6:02:31 PM, Info: Verifying archive C:\Users\jcioffi\Dropbox\Viju\Projects\Medidata\NY Rooms\6th Floor Training & Conf Spaces\DMPS\Cisco SX80 Phone Book.clz...
9/20/2017 6:02:31 PM, Info: Saving project information...
9/20/2017 6:02:49 PM, Info: Commiting verification transaction...
9/20/2017 6:02:49 PM, Info: Saving project information...
9/20/2017 6:16:54 PM, Info: Terminating SIMPLSharp Services
9/20/2017 6:16:54 PM, Info: Saving project information...
9/20/2017 6:16:54 PM, Info: Terminating SIMPLSharp Services
9/20/2017 6:16:54 PM, Info: Saving project information...
9/20/2017 6:16:54 PM, Info: Terminating SIMPLSharp Services
