9/25/2017 3:27:00 PM, Info: Initializing SIMPLSharp Services...
9/25/2017 3:27:00 PM, Info: ProjectInfo successfully initialized.
9/25/2017 3:27:04 PM, Info: Verifying archive C:\Users\jcioffi\Dropbox\Viju\Projects\Medidata\NY Rooms\6th Floor Training & Conf Spaces\DMPS\Cisco SX80 Corporate Phone Book.clz...
9/25/2017 3:27:05 PM, Info: Saving project information...
9/25/2017 3:27:05 PM, Info: Verifying archive C:\Users\jcioffi\Dropbox\Viju\Projects\Medidata\NY Rooms\6th Floor Training & Conf Spaces\DMPS\Cisco SX80 Phone Book.clz...
9/25/2017 3:27:05 PM, Info: Saving project information...
9/25/2017 3:27:24 PM, Info: Commiting verification transaction...
9/25/2017 3:27:24 PM, Info: Saving project information...
9/25/2017 3:41:23 PM, Info: Initializing SIMPLSharp Services...
9/25/2017 3:41:23 PM, Info: ProjectInfo successfully initialized.
9/25/2017 3:41:27 PM, Info: Verifying archive C:\Users\jcioffi\Dropbox\Viju\Projects\Medidata\NY Rooms\6th Floor Training & Conf Spaces\DMPS\Cisco SX80 Corporate Phone Book.clz...
9/25/2017 3:41:28 PM, Info: Saving project information...
9/25/2017 3:41:28 PM, Info: Verifying archive C:\Users\jcioffi\Dropbox\Viju\Projects\Medidata\NY Rooms\6th Floor Training & Conf Spaces\DMPS\Cisco SX80 Phone Book.clz...
9/25/2017 3:41:28 PM, Info: Saving project information...
9/25/2017 3:41:49 PM, Info: Commiting verification transaction...
9/25/2017 3:41:49 PM, Info: Saving project information...
9/25/2017 3:46:39 PM, Info: Initializing SIMPLSharp Services...
9/25/2017 3:46:39 PM, Info: ProjectInfo successfully initialized.
9/25/2017 3:46:44 PM, Info: Verifying archive C:\Users\jcioffi\Dropbox\Viju\Projects\Medidata\NY Rooms\6th Floor Training & Conf Spaces\DMPS\Cisco SX80 Corporate Phone Book.clz...
9/25/2017 3:46:44 PM, Info: Saving project information...
9/25/2017 3:46:44 PM, Info: Verifying archive C:\Users\jcioffi\Dropbox\Viju\Projects\Medidata\NY Rooms\6th Floor Training & Conf Spaces\DMPS\Cisco SX80 Phone Book.clz...
9/25/2017 3:46:44 PM, Info: Saving project information...
9/25/2017 3:47:02 PM, Info: Commiting verification transaction...
9/25/2017 3:47:02 PM, Info: Saving project information...
9/25/2017 3:52:56 PM, Info: Initializing SIMPLSharp Services...
9/25/2017 3:52:56 PM, Info: ProjectInfo successfully initialized.
9/25/2017 3:53:01 PM, Info: Verifying archive C:\Users\jcioffi\Dropbox\Viju\Projects\Medidata\NY Rooms\6th Floor Training & Conf Spaces\DMPS\Cisco SX80 Corporate Phone Book.clz...
9/25/2017 3:53:01 PM, Info: Saving project information...
9/25/2017 3:53:01 PM, Info: Verifying archive C:\Users\jcioffi\Dropbox\Viju\Projects\Medidata\NY Rooms\6th Floor Training & Conf Spaces\DMPS\Cisco SX80 Phone Book.clz...
9/25/2017 3:53:01 PM, Info: Saving project information...
9/25/2017 3:53:20 PM, Info: Commiting verification transaction...
9/25/2017 3:53:20 PM, Info: Saving project information...
9/25/2017 4:53:11 PM, Info: Terminating SIMPLSharp Services
9/25/2017 4:53:11 PM, Info: Saving project information...
9/25/2017 4:53:11 PM, Info: Terminating SIMPLSharp Services
9/25/2017 4:53:11 PM, Info: Saving project information...
9/25/2017 4:53:11 PM, Info: Terminating SIMPLSharp Services
9/25/2017 4:53:11 PM, Info: Saving project information...
9/25/2017 4:53:11 PM, Info: Terminating SIMPLSharp Services
