12/4/2017 16:22:25, Info: Initializing SIMPLSharp Services...
12/4/2017 16:22:25, Info: ProjectInfo successfully initialized.
12/4/2017 16:22:25, Info: Verifying archive C:\Program Files (x86)\Crestron\Simpl\USRSPLUS\Cisco SX80 Corporate Phone Book.clz...
12/4/2017 16:22:26, Info: Saving project information...
12/4/2017 16:22:26, Info: Verifying archive C:\Program Files (x86)\Crestron\Simpl\USRSPLUS\Cisco SX80 Phone Book.clz...
12/4/2017 16:22:26, Info: Saving project information...
12/4/2017 16:22:34, Info: Commiting verification transaction...
12/4/2017 16:22:34, Info: Saving project information...
12/4/2017 16:30:56, Info: Initializing SIMPLSharp Services...
12/4/2017 16:30:56, Info: ProjectInfo successfully initialized.
12/4/2017 16:30:56, Info: Verifying archive C:\Program Files (x86)\Crestron\Simpl\USRSPLUS\Cisco SX80 Corporate Phone Book.clz...
12/4/2017 16:30:56, Info: Saving project information...
12/4/2017 16:30:56, Info: Verifying archive C:\Program Files (x86)\Crestron\Simpl\USRSPLUS\Cisco SX80 Phone Book.clz...
12/4/2017 16:30:57, Info: Saving project information...
12/4/2017 16:31:02, Info: Commiting verification transaction...
12/4/2017 16:31:02, Info: Saving project information...
12/4/2017 16:34:13, Info: Initializing SIMPLSharp Services...
12/4/2017 16:34:13, Info: ProjectInfo successfully initialized.
12/4/2017 16:34:13, Info: Verifying archive C:\Program Files (x86)\Crestron\Simpl\USRSPLUS\Cisco SX80 Corporate Phone Book.clz...
12/4/2017 16:34:13, Info: Saving project information...
12/4/2017 16:34:13, Info: Verifying archive C:\Program Files (x86)\Crestron\Simpl\USRSPLUS\Cisco SX80 Phone Book.clz...
12/4/2017 16:34:13, Info: Saving project information...
12/4/2017 16:34:17, Info: Commiting verification transaction...
12/4/2017 16:34:17, Info: Saving project information...
12/4/2017 16:42:51, Info: Initializing SIMPLSharp Services...
12/4/2017 16:42:51, Info: ProjectInfo successfully initialized.
12/4/2017 16:42:51, Info: Verifying archive C:\Program Files (x86)\Crestron\Simpl\USRSPLUS\Cisco SX80 Corporate Phone Book.clz...
12/4/2017 16:42:52, Info: Saving project information...
12/4/2017 16:42:52, Info: Verifying archive C:\Program Files (x86)\Crestron\Simpl\USRSPLUS\Cisco SX80 Phone Book.clz...
12/4/2017 16:42:52, Info: Saving project information...
12/4/2017 16:42:56, Info: Commiting verification transaction...
12/4/2017 16:42:56, Info: Saving project information...
12/4/2017 16:53:40, Info: Initializing SIMPLSharp Services...
12/4/2017 16:53:40, Info: ProjectInfo successfully initialized.
12/4/2017 16:53:40, Info: Verifying archive C:\Program Files (x86)\Crestron\Simpl\USRSPLUS\Cisco SX80 Corporate Phone Book.clz...
12/4/2017 16:53:40, Info: Saving project information...
12/4/2017 16:53:40, Info: Verifying archive C:\Program Files (x86)\Crestron\Simpl\USRSPLUS\Cisco SX80 Phone Book.clz...
12/4/2017 16:53:40, Info: Saving project information...
12/4/2017 16:53:44, Info: Commiting verification transaction...
12/4/2017 16:53:44, Info: Saving project information...
12/4/2017 17:05:28, Info: Initializing SIMPLSharp Services...
12/4/2017 17:05:28, Info: ProjectInfo successfully initialized.
12/4/2017 17:05:28, Info: Verifying archive C:\Program Files (x86)\Crestron\Simpl\USRSPLUS\Cisco SX80 Corporate Phone Book.clz...
12/4/2017 17:05:29, Info: Saving project information...
12/4/2017 17:05:29, Info: Verifying archive C:\Program Files (x86)\Crestron\Simpl\USRSPLUS\Cisco SX80 Phone Book.clz...
12/4/2017 17:05:29, Info: Saving project information...
12/4/2017 17:05:32, Info: Commiting verification transaction...
12/4/2017 17:05:32, Info: Saving project information...
12/4/2017 17:31:07, Info: Initializing SIMPLSharp Services...
12/4/2017 17:31:07, Info: ProjectInfo successfully initialized.
12/4/2017 17:31:07, Info: Verifying archive C:\Program Files (x86)\Crestron\Simpl\USRSPLUS\Cisco SX80 Corporate Phone Book.clz...
12/4/2017 17:31:07, Info: Saving project information...
12/4/2017 17:31:07, Info: Verifying archive C:\Program Files (x86)\Crestron\Simpl\USRSPLUS\Cisco SX80 Phone Book.clz...
12/4/2017 17:31:07, Info: Saving project information...
12/4/2017 17:31:11, Info: Commiting verification transaction...
12/4/2017 17:31:11, Info: Saving project information...
12/4/2017 17:49:02, Info: Initializing SIMPLSharp Services...
12/4/2017 17:49:02, Info: ProjectInfo successfully initialized.
12/4/2017 17:49:02, Info: Verifying archive C:\Program Files (x86)\Crestron\Simpl\USRSPLUS\Cisco SX80 Corporate Phone Book.clz...
12/4/2017 17:49:02, Info: Saving project information...
12/4/2017 17:49:02, Info: Verifying archive C:\Program Files (x86)\Crestron\Simpl\USRSPLUS\Cisco SX80 Phone Book.clz...
12/4/2017 17:49:02, Info: Saving project information...
12/4/2017 17:49:08, Info: Commiting verification transaction...
12/4/2017 17:49:08, Info: Saving project information...
12/4/2017 18:07:37, Info: Initializing SIMPLSharp Services...
12/4/2017 18:07:37, Info: ProjectInfo successfully initialized.
12/4/2017 18:07:37, Info: Verifying archive C:\Program Files (x86)\Crestron\Simpl\USRSPLUS\Cisco SX80 Corporate Phone Book.clz...
12/4/2017 18:07:38, Info: Saving project information...
12/4/2017 18:07:38, Info: Verifying archive C:\Program Files (x86)\Crestron\Simpl\USRSPLUS\Cisco SX80 Phone Book.clz...
12/4/2017 18:07:38, Info: Saving project information...
12/4/2017 18:07:42, Info: Commiting verification transaction...
12/4/2017 18:07:42, Info: Saving project information...
12/4/2017 18:20:18, Info: Initializing SIMPLSharp Services...
12/4/2017 18:20:18, Info: ProjectInfo successfully initialized.
12/4/2017 18:20:18, Info: Verifying archive C:\Program Files (x86)\Crestron\Simpl\USRSPLUS\Cisco SX80 Corporate Phone Book.clz...
12/4/2017 18:20:19, Info: Saving project information...
12/4/2017 18:20:19, Info: Verifying archive C:\Program Files (x86)\Crestron\Simpl\USRSPLUS\Cisco SX80 Phone Book.clz...
12/4/2017 18:20:19, Info: Saving project information...
12/4/2017 18:20:24, Info: Commiting verification transaction...
12/4/2017 18:20:24, Info: Saving project information...
12/4/2017 18:20:31, Info: Initializing SIMPLSharp Services...
12/4/2017 18:20:31, Info: ProjectInfo successfully initialized.
12/4/2017 18:20:32, Info: Verifying archive C:\Program Files (x86)\Crestron\Simpl\USRSPLUS\Cisco SX80 Corporate Phone Book.clz...
12/4/2017 18:20:32, Info: Saving project information...
12/4/2017 18:20:32, Info: Verifying archive C:\Program Files (x86)\Crestron\Simpl\USRSPLUS\Cisco SX80 Phone Book.clz...
12/4/2017 18:20:32, Info: Saving project information...
12/4/2017 18:20:38, Info: Commiting verification transaction...
12/4/2017 18:20:38, Info: Saving project information...
12/4/2017 18:30:09, Info: Initializing SIMPLSharp Services...
12/4/2017 18:30:09, Info: ProjectInfo successfully initialized.
12/4/2017 18:30:09, Info: Verifying archive C:\Program Files (x86)\Crestron\Simpl\USRSPLUS\Cisco SX80 Corporate Phone Book.clz...
12/4/2017 18:30:09, Info: Saving project information...
12/4/2017 18:30:09, Info: Verifying archive C:\Program Files (x86)\Crestron\Simpl\USRSPLUS\Cisco SX80 Phone Book.clz...
12/4/2017 18:30:09, Info: Saving project information...
12/4/2017 18:30:16, Info: Commiting verification transaction...
12/4/2017 18:30:16, Info: Saving project information...
12/4/2017 18:36:43, Info: Initializing SIMPLSharp Services...
12/4/2017 18:36:43, Info: ProjectInfo successfully initialized.
12/4/2017 18:36:43, Info: Verifying archive C:\Program Files (x86)\Crestron\Simpl\USRSPLUS\Cisco SX80 Corporate Phone Book.clz...
12/4/2017 18:36:43, Info: Saving project information...
12/4/2017 18:36:43, Info: Verifying archive C:\Program Files (x86)\Crestron\Simpl\USRSPLUS\Cisco SX80 Phone Book.clz...
12/4/2017 18:36:43, Info: Saving project information...
12/4/2017 18:36:47, Info: Commiting verification transaction...
12/4/2017 18:36:47, Info: Saving project information...
12/4/2017 18:42:37, Info: Initializing SIMPLSharp Services...
12/4/2017 18:42:37, Info: ProjectInfo successfully initialized.
12/4/2017 18:42:37, Info: Verifying archive C:\Program Files (x86)\Crestron\Simpl\USRSPLUS\Cisco SX80 Corporate Phone Book.clz...
12/4/2017 18:42:37, Info: Saving project information...
12/4/2017 18:42:37, Info: Verifying archive C:\Program Files (x86)\Crestron\Simpl\USRSPLUS\Cisco SX80 Phone Book.clz...
12/4/2017 18:42:38, Info: Saving project information...
12/4/2017 18:42:42, Info: Commiting verification transaction...
12/4/2017 18:42:42, Info: Saving project information...
12/4/2017 18:48:43, Info: Initializing SIMPLSharp Services...
12/4/2017 18:48:43, Info: ProjectInfo successfully initialized.
12/4/2017 18:48:43, Info: Verifying archive C:\Program Files (x86)\Crestron\Simpl\USRSPLUS\Cisco SX80 Corporate Phone Book.clz...
12/4/2017 18:48:43, Info: Saving project information...
12/4/2017 18:48:43, Info: Verifying archive C:\Program Files (x86)\Crestron\Simpl\USRSPLUS\Cisco SX80 Phone Book.clz...
12/4/2017 18:48:44, Info: Saving project information...
12/4/2017 18:48:48, Info: Commiting verification transaction...
12/4/2017 18:48:48, Info: Saving project information...
12/4/2017 18:52:30, Info: Initializing SIMPLSharp Services...
12/4/2017 18:52:30, Info: ProjectInfo successfully initialized.
12/4/2017 18:52:30, Info: Verifying archive C:\Program Files (x86)\Crestron\Simpl\USRSPLUS\Cisco SX80 Corporate Phone Book.clz...
12/4/2017 18:52:30, Info: Saving project information...
12/4/2017 18:52:30, Info: Verifying archive C:\Program Files (x86)\Crestron\Simpl\USRSPLUS\Cisco SX80 Phone Book.clz...
12/4/2017 18:52:30, Info: Saving project information...
12/4/2017 18:52:37, Info: Commiting verification transaction...
12/4/2017 18:52:37, Info: Saving project information...
12/4/2017 18:52:51, Info: Initializing SIMPLSharp Services...
12/4/2017 18:52:51, Info: ProjectInfo successfully initialized.
12/4/2017 18:52:51, Info: Verifying archive C:\Program Files (x86)\Crestron\Simpl\USRSPLUS\Cisco SX80 Corporate Phone Book.clz...
12/4/2017 18:52:51, Info: Saving project information...
12/4/2017 18:52:51, Info: Verifying archive C:\Program Files (x86)\Crestron\Simpl\USRSPLUS\Cisco SX80 Phone Book.clz...
12/4/2017 18:52:52, Info: Saving project information...
12/4/2017 18:52:59, Info: Commiting verification transaction...
12/4/2017 18:52:59, Info: Saving project information...
12/4/2017 19:29:47, Info: Initializing SIMPLSharp Services...
12/4/2017 19:29:47, Info: ProjectInfo successfully initialized.
12/4/2017 19:29:47, Info: Verifying archive C:\Program Files (x86)\Crestron\Simpl\USRSPLUS\Cisco SX80 Corporate Phone Book.clz...
12/4/2017 19:29:47, Info: Saving project information...
12/4/2017 19:29:47, Info: Verifying archive C:\Program Files (x86)\Crestron\Simpl\USRSPLUS\Cisco SX80 Phone Book.clz...
12/4/2017 19:29:48, Info: Saving project information...
12/4/2017 19:29:52, Info: Commiting verification transaction...
12/4/2017 19:29:52, Info: Saving project information...
12/4/2017 19:38:48, Info: Initializing SIMPLSharp Services...
12/4/2017 19:38:48, Info: ProjectInfo successfully initialized.
12/4/2017 19:38:48, Info: Verifying archive C:\Program Files (x86)\Crestron\Simpl\USRSPLUS\Cisco SX80 Corporate Phone Book.clz...
12/4/2017 19:38:48, Info: Saving project information...
12/4/2017 19:38:48, Info: Verifying archive C:\Program Files (x86)\Crestron\Simpl\USRSPLUS\Cisco SX80 Phone Book.clz...
12/4/2017 19:38:48, Info: Saving project information...
12/4/2017 19:38:55, Info: Commiting verification transaction...
12/4/2017 19:38:55, Info: Saving project information...
12/4/2017 19:43:36, Info: Initializing SIMPLSharp Services...
12/4/2017 19:43:36, Info: ProjectInfo successfully initialized.
12/4/2017 19:43:36, Info: Verifying archive C:\Program Files (x86)\Crestron\Simpl\USRSPLUS\Cisco SX80 Corporate Phone Book.clz...
12/4/2017 19:43:37, Info: Saving project information...
12/4/2017 19:43:37, Info: Verifying archive C:\Program Files (x86)\Crestron\Simpl\USRSPLUS\Cisco SX80 Phone Book.clz...
12/4/2017 19:43:37, Info: Saving project information...
12/4/2017 19:43:41, Info: Commiting verification transaction...
12/4/2017 19:43:41, Info: Saving project information...
12/4/2017 19:48:14, Info: Initializing SIMPLSharp Services...
12/4/2017 19:48:14, Info: ProjectInfo successfully initialized.
12/4/2017 19:48:14, Info: Verifying archive C:\Program Files (x86)\Crestron\Simpl\USRSPLUS\Cisco SX80 Corporate Phone Book.clz...
12/4/2017 19:48:14, Info: Saving project information...
12/4/2017 19:48:14, Info: Verifying archive C:\Program Files (x86)\Crestron\Simpl\USRSPLUS\Cisco SX80 Phone Book.clz...
12/4/2017 19:48:15, Info: Saving project information...
12/4/2017 19:48:20, Info: Commiting verification transaction...
12/4/2017 19:48:20, Info: Saving project information...
12/4/2017 19:48:45, Info: Initializing SIMPLSharp Services...
12/4/2017 19:48:45, Info: ProjectInfo successfully initialized.
12/4/2017 19:48:45, Info: Verifying archive C:\Program Files (x86)\Crestron\Simpl\USRSPLUS\Cisco SX80 Corporate Phone Book.clz...
12/4/2017 19:48:46, Info: Saving project information...
12/4/2017 19:48:46, Info: Verifying archive C:\Program Files (x86)\Crestron\Simpl\USRSPLUS\Cisco SX80 Phone Book.clz...
12/4/2017 19:48:46, Info: Saving project information...
12/4/2017 19:48:51, Info: Commiting verification transaction...
12/4/2017 19:48:51, Info: Saving project information...
12/4/2017 20:16:40, Info: Initializing SIMPLSharp Services...
12/4/2017 20:16:40, Info: ProjectInfo successfully initialized.
12/4/2017 20:16:40, Info: Verifying archive C:\Program Files (x86)\Crestron\Simpl\USRSPLUS\Cisco SX80 Corporate Phone Book.clz...
12/4/2017 20:16:40, Info: Saving project information...
12/4/2017 20:16:40, Info: Verifying archive C:\Program Files (x86)\Crestron\Simpl\USRSPLUS\Cisco SX80 Phone Book.clz...
12/4/2017 20:16:40, Info: Saving project information...
12/4/2017 20:16:47, Info: Commiting verification transaction...
12/4/2017 20:16:47, Info: Saving project information...
12/4/2017 20:17:58, Info: Initializing SIMPLSharp Services...
12/4/2017 20:17:58, Info: ProjectInfo successfully initialized.
12/4/2017 20:17:58, Info: Verifying archive C:\Program Files (x86)\Crestron\Simpl\USRSPLUS\Cisco SX80 Corporate Phone Book.clz...
12/4/2017 20:17:58, Info: Saving project information...
12/4/2017 20:17:58, Info: Verifying archive C:\Program Files (x86)\Crestron\Simpl\USRSPLUS\Cisco SX80 Phone Book.clz...
12/4/2017 20:17:59, Info: Saving project information...
12/4/2017 20:18:03, Info: Commiting verification transaction...
12/4/2017 20:18:03, Info: Saving project information...
12/4/2017 20:25:17, Info: Initializing SIMPLSharp Services...
12/4/2017 20:25:17, Info: ProjectInfo successfully initialized.
12/4/2017 20:25:17, Info: Verifying archive C:\Program Files (x86)\Crestron\Simpl\USRSPLUS\Cisco SX80 Corporate Phone Book.clz...
12/4/2017 20:25:17, Info: Saving project information...
12/4/2017 20:25:17, Info: Verifying archive C:\Program Files (x86)\Crestron\Simpl\USRSPLUS\Cisco SX80 Phone Book.clz...
12/4/2017 20:25:17, Info: Saving project information...
12/4/2017 20:25:21, Info: Commiting verification transaction...
12/4/2017 20:25:21, Info: Saving project information...
12/4/2017 20:28:35, Info: Initializing SIMPLSharp Services...
12/4/2017 20:28:35, Info: ProjectInfo successfully initialized.
12/4/2017 20:28:35, Info: Verifying archive C:\Program Files (x86)\Crestron\Simpl\USRSPLUS\Cisco SX80 Corporate Phone Book.clz...
12/4/2017 20:28:35, Info: Saving project information...
12/4/2017 20:28:35, Info: Verifying archive C:\Program Files (x86)\Crestron\Simpl\USRSPLUS\Cisco SX80 Phone Book.clz...
12/4/2017 20:28:36, Info: Saving project information...
12/4/2017 20:28:39, Info: Commiting verification transaction...
12/4/2017 20:28:39, Info: Saving project information...
12/4/2017 20:28:49, Info: Initializing SIMPLSharp Services...
12/4/2017 20:28:49, Info: ProjectInfo successfully initialized.
12/4/2017 20:28:50, Info: Verifying archive C:\Program Files (x86)\Crestron\Simpl\USRSPLUS\Cisco SX80 Corporate Phone Book.clz...
12/4/2017 20:28:50, Info: Saving project information...
12/4/2017 20:28:50, Info: Verifying archive C:\Program Files (x86)\Crestron\Simpl\USRSPLUS\Cisco SX80 Phone Book.clz...
12/4/2017 20:28:50, Info: Saving project information...
12/4/2017 20:28:54, Info: Commiting verification transaction...
12/4/2017 20:28:54, Info: Saving project information...
12/4/2017 20:52:26, Info: Terminating SIMPLSharp Services
12/4/2017 20:52:26, Info: Saving project information...
12/4/2017 20:52:26, Info: Terminating SIMPLSharp Services
12/4/2017 20:52:26, Info: Saving project information...
12/4/2017 20:52:26, Info: Terminating SIMPLSharp Services
12/4/2017 20:52:26, Info: Saving project information...
12/4/2017 20:52:26, Info: Terminating SIMPLSharp Services
12/4/2017 20:52:26, Info: Saving project information...
12/4/2017 20:52:26, Info: Terminating SIMPLSharp Services
12/4/2017 20:52:26, Info: Saving project information...
12/4/2017 20:52:26, Info: Terminating SIMPLSharp Services
12/4/2017 20:52:26, Info: Saving project information...
12/4/2017 20:52:26, Info: Terminating SIMPLSharp Services
12/4/2017 20:52:26, Info: Saving project information...
12/4/2017 20:52:26, Info: Terminating SIMPLSharp Services
12/4/2017 20:52:26, Info: Saving project information...
12/4/2017 20:52:26, Info: Terminating SIMPLSharp Services
12/4/2017 20:52:26, Info: Saving project information...
12/4/2017 20:52:26, Info: Terminating SIMPLSharp Services
12/4/2017 20:52:26, Info: Saving project information...
12/4/2017 20:52:26, Info: Terminating SIMPLSharp Services
12/4/2017 20:52:26, Info: Saving project information...
12/4/2017 20:52:26, Info: Terminating SIMPLSharp Services
12/4/2017 20:52:26, Info: Saving project information...
12/4/2017 20:52:26, Info: Terminating SIMPLSharp Services
12/4/2017 20:52:26, Info: Saving project information...
12/4/2017 20:52:26, Info: Terminating SIMPLSharp Services
12/4/2017 20:52:26, Info: Saving project information...
12/4/2017 20:52:26, Info: Terminating SIMPLSharp Services
12/4/2017 20:52:26, Info: Saving project information...
12/4/2017 20:52:26, Info: Terminating SIMPLSharp Services
12/4/2017 20:52:26, Info: Saving project information...
12/4/2017 20:52:26, Info: Terminating SIMPLSharp Services
12/4/2017 20:52:26, Info: Saving project information...
12/4/2017 20:52:26, Info: Terminating SIMPLSharp Services
12/4/2017 20:52:26, Info: Saving project information...
12/4/2017 20:52:26, Info: Terminating SIMPLSharp Services
12/4/2017 20:52:26, Info: Saving project information...
12/4/2017 20:52:26, Info: Terminating SIMPLSharp Services
12/4/2017 20:52:26, Info: Saving project information...
12/4/2017 20:52:26, Info: Terminating SIMPLSharp Services
12/4/2017 20:52:26, Info: Saving project information...
12/4/2017 20:52:26, Info: Terminating SIMPLSharp Services
12/4/2017 20:52:26, Info: Saving project information...
12/4/2017 20:52:26, Info: Terminating SIMPLSharp Services
12/4/2017 20:52:26, Info: Saving project information...
12/4/2017 20:52:26, Info: Terminating SIMPLSharp Services
12/4/2017 20:52:26, Info: Saving project information...
12/4/2017 20:52:26, Info: Terminating SIMPLSharp Services
12/4/2017 20:52:26, Info: Saving project information...
12/4/2017 20:52:26, Info: Terminating SIMPLSharp Services
12/4/2017 20:52:26, Info: Saving project information...
12/4/2017 20:52:26, Info: Terminating SIMPLSharp Services
