13/4/2017 16:34:52, Info: Initializing SIMPLSharp Services...
13/4/2017 16:34:52, Info: ProjectInfo successfully initialized.
13/4/2017 16:34:52, Info: Verifying archive C:\Program Files (x86)\Crestron\Simpl\USRSPLUS\Cisco SX80 Corporate Phone Book.clz...
13/4/2017 16:34:53, Info: Saving project information...
13/4/2017 16:34:53, Info: Verifying archive C:\Program Files (x86)\Crestron\Simpl\USRSPLUS\Cisco SX80 Phone Book.clz...
13/4/2017 16:34:53, Info: Saving project information...
13/4/2017 16:34:56, Info: Commiting verification transaction...
13/4/2017 16:34:56, Info: Saving project information...
13/4/2017 16:42:52, Info: Initializing SIMPLSharp Services...
13/4/2017 16:42:52, Info: ProjectInfo successfully initialized.
13/4/2017 16:42:52, Info: Verifying archive C:\Program Files (x86)\Crestron\Simpl\USRSPLUS\Cisco SX80 Corporate Phone Book.clz...
13/4/2017 16:42:52, Info: Saving project information...
13/4/2017 16:42:52, Info: Verifying archive C:\Program Files (x86)\Crestron\Simpl\USRSPLUS\Cisco SX80 Phone Book.clz...
13/4/2017 16:42:53, Info: Saving project information...
13/4/2017 16:42:56, Info: Commiting verification transaction...
13/4/2017 16:42:56, Info: Saving project information...
13/4/2017 17:12:51, Info: Initializing SIMPLSharp Services...
13/4/2017 17:12:51, Info: ProjectInfo successfully initialized.
13/4/2017 17:12:51, Info: Verifying archive C:\Program Files (x86)\Crestron\Simpl\USRSPLUS\Cisco SX80 Corporate Phone Book.clz...
13/4/2017 17:12:51, Info: Saving project information...
13/4/2017 17:12:51, Info: Verifying archive C:\Program Files (x86)\Crestron\Simpl\USRSPLUS\Cisco SX80 Phone Book.clz...
13/4/2017 17:12:52, Info: Saving project information...
13/4/2017 17:12:55, Info: Commiting verification transaction...
13/4/2017 17:12:55, Info: Saving project information...
13/4/2017 17:22:26, Info: Initializing SIMPLSharp Services...
13/4/2017 17:22:26, Info: ProjectInfo successfully initialized.
13/4/2017 17:22:26, Info: Verifying archive C:\Program Files (x86)\Crestron\Simpl\USRSPLUS\Cisco SX80 Corporate Phone Book.clz...
13/4/2017 17:22:26, Info: Saving project information...
13/4/2017 17:22:26, Info: Verifying archive C:\Program Files (x86)\Crestron\Simpl\USRSPLUS\Cisco SX80 Phone Book.clz...
13/4/2017 17:22:26, Info: Saving project information...
13/4/2017 17:22:30, Info: Commiting verification transaction...
13/4/2017 17:22:30, Info: Saving project information...
13/4/2017 17:52:16, Info: Terminating SIMPLSharp Services
13/4/2017 17:52:16, Info: Saving project information...
13/4/2017 17:52:16, Info: Terminating SIMPLSharp Services
13/4/2017 17:52:16, Info: Saving project information...
13/4/2017 17:52:16, Info: Terminating SIMPLSharp Services
13/4/2017 17:52:16, Info: Saving project information...
13/4/2017 17:52:16, Info: Terminating SIMPLSharp Services
